# JRE version: OpenJDK Runtime Environment Temurin-17.0.6+10 (17.0.6+10) (build 17.0.6+10)
# Java VM: OpenJDK 64-Bit Server VM Temurin-17.0.6+10 (17.0.6+10, mixed mode, sharing, tiered, compressed oops, compressed class ptrs, g1 gc, windows-amd64)
GC Precious Log:
 CPUs: 8 total, 8 available
 Memory: 8088M
 Large Page Support: Disabled
 NUMA Support: Disabled
 Compressed Oops: Enabled (32-bit)
 Heap Region Size: 1M
 Heap Min Capacity: 8M
 Heap Initial Capacity: 128M
 Heap Max Capacity: 2024M
 Pre-touch: Disabled
 Parallel Workers: 8
 Concurrent Workers: 2
 Concurrent Refinement Workers: 8
 Periodic GC: Disabled
Heap:
 garbage-first heap   total 157696K, used 92537K [0x0000000081800000, 0x0000000100000000)
  region size 1024K, 23 young (23552K), 1 survivors (1024K)
 Metaspace       used 38258K, committed 38592K, reserved 1089536K
  class space    used 4199K, committed 4352K, reserved 1048576K
GC Heap History (20 events):
Event: 7.818 GC heap before
{Heap before GC invocations=7 (full 0):
 garbage-first heap   total 98304K, used 41846K [0x0000000081800000, 0x0000000100000000)
  region size 1024K, 8 young (8192K), 7 survivors (7168K)
 Metaspace       used 25068K, committed 25344K, reserved 1073152K
  class space    used 2791K, committed 2880K, reserved 1048576K
}
Event: 7.831 GC heap after
{Heap after GC invocations=8 (full 0):
 garbage-first heap   total 98304K, used 41984K [0x0000000081800000, 0x0000000100000000)
  region size 1024K, 1 young (1024K), 1 survivors (1024K)
 Metaspace       used 25068K, committed 25344K, reserved 1073152K
  class space    used 2791K, committed 2880K, reserved 1048576K
}
Event: 8.962 GC heap before
{Heap before GC invocations=8 (full 0):
 garbage-first heap   total 98304K, used 71680K [0x0000000081800000, 0x0000000100000000)
  region size 1024K, 30 young (30720K), 1 survivors (1024K)
 Metaspace       used 26339K, committed 26624K, reserved 1073152K
  class space    used 2889K, committed 3008K, reserved 1048576K
}
Event: 8.979 GC heap after
{Heap after GC invocations=9 (full 0):
 garbage-first heap   total 166912K, used 46080K [0x0000000081800000, 0x0000000100000000)
  region size 1024K, 4 young (4096K), 4 survivors (4096K)
 Metaspace       used 26339K, committed 26624K, reserved 1073152K
  class space    used 2889K, committed 3008K, reserved 1048576K
}
Event: 12.444 GC heap before
{Heap before GC invocations=10 (full 0):
 garbage-first heap   total 157696K, used 114688K [0x0000000081800000, 0x0000000100000000)
  region size 1024K, 68 young (69632K), 4 survivors (4096K)
 Metaspace       used 29502K, committed 29888K, reserved 1081344K
  class space    used 3244K, committed 3456K, reserved 1048576K
}
Event: 12.460 GC heap after
{Heap after GC invocations=11 (full 0):
 garbage-first heap   total 157696K, used 50087K [0x0000000081800000, 0x0000000100000000)
  region size 1024K, 7 young (7168K), 7 survivors (7168K)
 Metaspace       used 29502K, committed 29888K, reserved 1081344K
  class space    used 3244K, committed 3456K, reserved 1048576K
}
Event: 12.466 GC heap before
{Heap before GC invocations=11 (full 0):
 garbage-first heap   total 157696K, used 51111K [0x0000000081800000, 0x0000000100000000)
  region size 1024K, 8 young (8192K), 7 survivors (7168K)
 Metaspace       used 29503K, committed 29888K, reserved 1081344K
  class space    used 3244K, committed 3456K, reserved 1048576K
}
Event: 12.483 GC heap after
{Heap after GC invocations=12 (full 0):
 garbage-first heap   total 157696K, used 50434K [0x0000000081800000, 0x0000000100000000)
  region size 1024K, 1 young (1024K), 1 survivors (1024K)
 Metaspace       used 29503K, committed 29888K, reserved 1081344K
  class space    used 3244K, committed 3456K, reserved 1048576K
}
Event: 13.913 GC heap before
{Heap before GC invocations=12 (full 0):
 garbage-first heap   total 157696K, used 113922K [0x0000000081800000, 0x0000000100000000)
  region size 1024K, 59 young (60416K), 1 survivors (1024K)
 Metaspace       used 29653K, committed 30080K, reserved 1081344K
  class space    used 3249K, committed 3456K, reserved 1048576K
}
Event: 13.939 GC heap after
{Heap after GC invocations=13 (full 0):
 garbage-first heap   total 157696K, used 77170K [0x0000000081800000, 0x0000000100000000)
  region size 1024K, 8 young (8192K), 8 survivors (8192K)
 Metaspace       used 29653K, committed 30080K, reserved 1081344K
  class space    used 3249K, committed 3456K, reserved 1048576K
}
Event: 15.737 GC heap before
{Heap before GC invocations=13 (full 0):
 garbage-first heap   total 157696K, used 115058K [0x0000000081800000, 0x0000000100000000)
  region size 1024K, 46 young (47104K), 8 survivors (8192K)
 Metaspace       used 32204K, committed 32512K, reserved 1081344K
  class space    used 3546K, committed 3712K, reserved 1048576K
}
Event: 15.752 GC heap after
{Heap after GC invocations=14 (full 0):
 garbage-first heap   total 157696K, used 76800K [0x0000000081800000, 0x0000000100000000)
  region size 1024K, 3 young (3072K), 3 survivors (3072K)
 Metaspace       used 32204K, committed 32512K, reserved 1081344K
  class space    used 3546K, committed 3712K, reserved 1048576K
}
Event: 16.627 GC heap before
{Heap before GC invocations=14 (full 0):
 garbage-first heap   total 157696K, used 84992K [0x0000000081800000, 0x0000000100000000)
  region size 1024K, 12 young (12288K), 3 survivors (3072K)
 Metaspace       used 36657K, committed 36992K, reserved 1089536K
  class space    used 4080K, committed 4224K, reserved 1048576K
}
Event: 16.631 GC heap after
{Heap after GC invocations=15 (full 0):
 garbage-first heap   total 157696K, used 76773K [0x0000000081800000, 0x0000000100000000)
  region size 1024K, 3 young (3072K), 3 survivors (3072K)
 Metaspace       used 36657K, committed 36992K, reserved 1089536K
  class space    used 4080K, committed 4224K, reserved 1048576K
}
Event: 18.001 GC heap before
{Heap before GC invocations=16 (full 0):
 garbage-first heap   total 157696K, used 149477K [0x0000000081800000, 0x0000000100000000)
  region size 1024K, 17 young (17408K), 3 survivors (3072K)
 Metaspace       used 35588K, committed 36096K, reserved 1089536K
  class space    used 3933K, committed 4160K, reserved 1048576K
}
Event: 18.006 GC heap after
{Heap after GC invocations=17 (full 0):
 garbage-first heap   total 157696K, used 75270K [0x0000000081800000, 0x0000000100000000)
  region size 1024K, 4 young (4096K), 4 survivors (4096K)
 Metaspace       used 35588K, committed 36096K, reserved 1089536K
  class space    used 3933K, committed 4160K, reserved 1048576K
}
Event: 18.566 GC heap before
{Heap before GC invocations=17 (full 0):
 garbage-first heap   total 157696K, used 132614K [0x0000000081800000, 0x0000000100000000)
  region size 1024K, 7 young (7168K), 4 survivors (4096K)
 Metaspace       used 35755K, committed 36096K, reserved 1089536K
  class space    used 3933K, committed 4160K, reserved 1048576K
}
Event: 18.570 GC heap after
{Heap after GC invocations=18 (full 0):
 garbage-first heap   total 157696K, used 55729K [0x0000000081800000, 0x0000000100000000)
  region size 1024K, 1 young (1024K), 1 survivors (1024K)
 Metaspace       used 35755K, committed 36096K, reserved 1089536K
  class space    used 3933K, committed 4160K, reserved 1048576K
}
Event: 19.190 GC heap before
{Heap before GC invocations=18 (full 0):
 garbage-first heap   total 157696K, used 60849K [0x0000000081800000, 0x0000000100000000)
  region size 1024K, 7 young (7168K), 1 survivors (1024K)
 Metaspace       used 36180K, committed 36608K, reserved 1089536K
  class space    used 3971K, committed 4160K, reserved 1048576K
}
Event: 19.194 GC heap after
{Heap after GC invocations=19 (full 0):
 garbage-first heap   total 157696K, used 42361K [0x0000000081800000, 0x0000000100000000)
  region size 1024K, 1 young (1024K), 1 survivors (1024K)
 Metaspace       used 36180K, committed 36608K, reserved 1089536K
  class space    used 3971K, committed 4160K, reserved 1048576K
}

