# JRE version: OpenJDK Runtime Environment Temurin-17.0.6+10 (17.0.6+10) (build 17.0.6+10)
# Java VM: OpenJDK 64-Bit Server VM Temurin-17.0.6+10 (17.0.6+10, mixed mode, emulated-client, sharing, tiered, compressed oops, compressed class ptrs, g1 gc, windows-amd64)
GC Precious Log:
 CPUs: 8 total, 8 available
 Memory: 8088M
 Large Page Support: Disabled
 NUMA Support: Disabled
 Compressed Oops: Enabled (32-bit)
 Heap Region Size: 1M
 Heap Min Capacity: 8M
 Heap Initial Capacity: 128M
 Heap Max Capacity: 2024M
 Pre-touch: Disabled
 Parallel Workers: 8
 Concurrent Workers: 2
 Concurrent Refinement Workers: 8
 Periodic GC: Disabled
Heap:
 garbage-first heap   total 66560K, used 46606K [0x0000000081800000, 0x0000000100000000)
  region size 1024K, 24 young (24576K), 4 survivors (4096K)
 Metaspace       used 66307K, committed 66816K, reserved 1114112K
  class space    used 9717K, committed 9984K, reserved 1048576K
GC Heap History (20 events):
Event: 2.810 GC heap before
{Heap before GC invocations=5 (full 0):
 garbage-first heap   total 55296K, used 40993K [0x0000000081800000, 0x0000000100000000)
  region size 1024K, 33 young (33792K), 6 survivors (6144K)
 Metaspace       used 23465K, committed 23744K, reserved 1073152K
  class space    used 3269K, committed 3392K, reserved 1048576K
}
Event: 2.817 GC heap after
{Heap after GC invocations=6 (full 0):
 garbage-first heap   total 55296K, used 16329K [0x0000000081800000, 0x0000000100000000)
  region size 1024K, 7 young (7168K), 7 survivors (7168K)
 Metaspace       used 23465K, committed 23744K, reserved 1073152K
  class space    used 3269K, committed 3392K, reserved 1048576K
}
Event: 2.840 GC heap before
{Heap before GC invocations=6 (full 0):
 garbage-first heap   total 55296K, used 17353K [0x0000000081800000, 0x0000000100000000)
  region size 1024K, 8 young (8192K), 7 survivors (7168K)
 Metaspace       used 23569K, committed 23872K, reserved 1073152K
  class space    used 3285K, committed 3456K, reserved 1048576K
}
Event: 2.848 GC heap after
{Heap after GC invocations=7 (full 0):
 garbage-first heap   total 66560K, used 16740K [0x0000000081800000, 0x0000000100000000)
  region size 1024K, 1 young (1024K), 1 survivors (1024K)
 Metaspace       used 23569K, committed 23872K, reserved 1073152K
  class space    used 3285K, committed 3456K, reserved 1048576K
}
Event: 3.496 GC heap before
{Heap before GC invocations=7 (full 0):
 garbage-first heap   total 66560K, used 45412K [0x0000000081800000, 0x0000000100000000)
  region size 1024K, 29 young (29696K), 1 survivors (1024K)
 Metaspace       used 27212K, committed 27648K, reserved 1073152K
  class space    used 3850K, committed 4096K, reserved 1048576K
}
Event: 3.499 GC heap after
{Heap after GC invocations=8 (full 0):
 garbage-first heap   total 66560K, used 17971K [0x0000000081800000, 0x0000000100000000)
  region size 1024K, 3 young (3072K), 3 survivors (3072K)
 Metaspace       used 27212K, committed 27648K, reserved 1073152K
  class space    used 3850K, committed 4096K, reserved 1048576K
}
Event: 4.053 GC heap before
{Heap before GC invocations=8 (full 0):
 garbage-first heap   total 66560K, used 46643K [0x0000000081800000, 0x0000000100000000)
  region size 1024K, 31 young (31744K), 3 survivors (3072K)
 Metaspace       used 31138K, committed 31552K, reserved 1081344K
  class space    used 4409K, committed 4608K, reserved 1048576K
}
Event: 4.058 GC heap after
{Heap after GC invocations=9 (full 0):
 garbage-first heap   total 66560K, used 20305K [0x0000000081800000, 0x0000000100000000)
  region size 1024K, 4 young (4096K), 4 survivors (4096K)
 Metaspace       used 31138K, committed 31552K, reserved 1081344K
  class space    used 4409K, committed 4608K, reserved 1048576K
}
Event: 4.448 GC heap before
{Heap before GC invocations=9 (full 0):
 garbage-first heap   total 66560K, used 35665K [0x0000000081800000, 0x0000000100000000)
  region size 1024K, 20 young (20480K), 4 survivors (4096K)
 Metaspace       used 35619K, committed 36096K, reserved 1081344K
  class space    used 4925K, committed 5184K, reserved 1048576K
}
Event: 4.454 GC heap after
{Heap after GC invocations=10 (full 0):
 garbage-first heap   total 66560K, used 22267K [0x0000000081800000, 0x0000000100000000)
  region size 1024K, 2 young (2048K), 2 survivors (2048K)
 Metaspace       used 35619K, committed 36096K, reserved 1081344K
  class space    used 4925K, committed 5184K, reserved 1048576K
}
Event: 5.485 GC heap before
{Heap before GC invocations=11 (full 0):
 garbage-first heap   total 66560K, used 49915K [0x0000000081800000, 0x0000000100000000)
  region size 1024K, 29 young (29696K), 2 survivors (2048K)
 Metaspace       used 43413K, committed 43904K, reserved 1089536K
  class space    used 6040K, committed 6272K, reserved 1048576K
}
Event: 5.490 GC heap after
{Heap after GC invocations=12 (full 0):
 garbage-first heap   total 66560K, used 23832K [0x0000000081800000, 0x0000000100000000)
  region size 1024K, 4 young (4096K), 4 survivors (4096K)
 Metaspace       used 43413K, committed 43904K, reserved 1089536K
  class space    used 6040K, committed 6272K, reserved 1048576K
}
Event: 5.509 GC heap before
{Heap before GC invocations=12 (full 0):
 garbage-first heap   total 66560K, used 23832K [0x0000000081800000, 0x0000000100000000)
  region size 1024K, 5 young (5120K), 4 survivors (4096K)
 Metaspace       used 43592K, committed 44096K, reserved 1089536K
  class space    used 6076K, committed 6336K, reserved 1048576K
}
Event: 5.514 GC heap after
{Heap after GC invocations=13 (full 0):
 garbage-first heap   total 66560K, used 24126K [0x0000000081800000, 0x0000000100000000)
  region size 1024K, 1 young (1024K), 1 survivors (1024K)
 Metaspace       used 43592K, committed 44096K, reserved 1089536K
  class space    used 6076K, committed 6336K, reserved 1048576K
}
Event: 6.190 GC heap before
{Heap before GC invocations=13 (full 0):
 garbage-first heap   total 66560K, used 49726K [0x0000000081800000, 0x0000000100000000)
  region size 1024K, 27 young (27648K), 1 survivors (1024K)
 Metaspace       used 49757K, committed 50304K, reserved 1097728K
  class space    used 7026K, committed 7296K, reserved 1048576K
}
Event: 6.192 GC heap after
{Heap after GC invocations=14 (full 0):
 garbage-first heap   total 66560K, used 25269K [0x0000000081800000, 0x0000000100000000)
  region size 1024K, 2 young (2048K), 2 survivors (2048K)
 Metaspace       used 49757K, committed 50304K, reserved 1097728K
  class space    used 7026K, committed 7296K, reserved 1048576K
}
Event: 7.028 GC heap before
{Heap before GC invocations=15 (full 0):
 garbage-first heap   total 66560K, used 50869K [0x0000000081800000, 0x0000000100000000)
  region size 1024K, 28 young (28672K), 2 survivors (2048K)
 Metaspace       used 56663K, committed 57152K, reserved 1105920K
  class space    used 8139K, committed 8384K, reserved 1048576K
}
Event: 7.032 GC heap after
{Heap after GC invocations=16 (full 0):
 garbage-first heap   total 66560K, used 26321K [0x0000000081800000, 0x0000000100000000)
  region size 1024K, 3 young (3072K), 3 survivors (3072K)
 Metaspace       used 56663K, committed 57152K, reserved 1105920K
  class space    used 8139K, committed 8384K, reserved 1048576K
}
Event: 8.010 GC heap before
{Heap before GC invocations=16 (full 0):
 garbage-first heap   total 66560K, used 51921K [0x0000000081800000, 0x0000000100000000)
  region size 1024K, 29 young (29696K), 3 survivors (3072K)
 Metaspace       used 62130K, committed 62656K, reserved 1105920K
  class space    used 8904K, committed 9152K, reserved 1048576K
}
Event: 8.016 GC heap after
{Heap after GC invocations=17 (full 0):
 garbage-first heap   total 66560K, used 28174K [0x0000000081800000, 0x0000000100000000)
  region size 1024K, 4 young (4096K), 4 survivors (4096K)
 Metaspace       used 62130K, committed 62656K, reserved 1105920K
  class space    used 8904K, committed 9152K, reserved 1048576K
}

