# JRE version: OpenJDK Runtime Environment Temurin-17.0.6+10 (17.0.6+10) (build 17.0.6+10)
# Java VM: OpenJDK 64-Bit Server VM Temurin-17.0.6+10 (17.0.6+10, mixed mode, emulated-client, sharing, tiered, compressed oops, compressed class ptrs, g1 gc, windows-amd64)
GC Precious Log:
 CPUs: 8 total, 8 available
 Memory: 8088M
 Large Page Support: Disabled
 NUMA Support: Disabled
 Compressed Oops: Enabled (32-bit)
 Heap Region Size: 1M
 Heap Min Capacity: 8M
 Heap Initial Capacity: 128M
 Heap Max Capacity: 2024M
 Pre-touch: Disabled
 Parallel Workers: 8
 Concurrent Workers: 2
 Concurrent Refinement Workers: 8
 Periodic GC: Disabled
Heap:
 garbage-first heap   total 55296K, used 22720K [0x0000000081800000, 0x0000000100000000)
  region size 1024K, 4 young (4096K), 3 survivors (3072K)
 Metaspace       used 37511K, committed 37952K, reserved 1081344K
  class space    used 5162K, committed 5376K, reserved 1048576K
GC Heap History (18 events):
Event: 2.162 GC heap before
{Heap before GC invocations=0 (full 0):
 garbage-first heap   total 131072K, used 24576K [0x0000000081800000, 0x0000000100000000)
  region size 1024K, 23 young (23552K), 0 survivors (0K)
 Metaspace       used 7067K, committed 7360K, reserved 1056768K
  class space    used 894K, committed 1024K, reserved 1048576K
}
Event: 2.176 GC heap after
{Heap after GC invocations=1 (full 0):
 garbage-first heap   total 131072K, used 9099K [0x0000000081800000, 0x0000000100000000)
  region size 1024K, 3 young (3072K), 3 survivors (3072K)
 Metaspace       used 7067K, committed 7360K, reserved 1056768K
  class space    used 894K, committed 1024K, reserved 1048576K
}
Event: 3.037 GC heap before
{Heap before GC invocations=1 (full 0):
 garbage-first heap   total 131072K, used 27531K [0x0000000081800000, 0x0000000100000000)
  region size 1024K, 21 young (21504K), 3 survivors (3072K)
 Metaspace       used 9961K, committed 10240K, reserved 1064960K
  class space    used 1324K, committed 1472K, reserved 1048576K
}
Event: 3.043 GC heap after
{Heap after GC invocations=2 (full 0):
 garbage-first heap   total 131072K, used 10438K [0x0000000081800000, 0x0000000100000000)
  region size 1024K, 2 young (2048K), 2 survivors (2048K)
 Metaspace       used 9961K, committed 10240K, reserved 1064960K
  class space    used 1324K, committed 1472K, reserved 1048576K
}
Event: 4.368 GC heap before
{Heap before GC invocations=2 (full 0):
 garbage-first heap   total 131072K, used 55494K [0x0000000081800000, 0x0000000100000000)
  region size 1024K, 47 young (48128K), 2 survivors (2048K)
 Metaspace       used 19279K, committed 19648K, reserved 1073152K
  class space    used 2626K, committed 2816K, reserved 1048576K
}
Event: 4.374 GC heap after
{Heap after GC invocations=3 (full 0):
 garbage-first heap   total 131072K, used 13577K [0x0000000081800000, 0x0000000100000000)
  region size 1024K, 5 young (5120K), 5 survivors (5120K)
 Metaspace       used 19279K, committed 19648K, reserved 1073152K
  class space    used 2626K, committed 2816K, reserved 1048576K
}
Event: 4.600 GC heap before
{Heap before GC invocations=3 (full 0):
 garbage-first heap   total 131072K, used 24841K [0x0000000081800000, 0x0000000100000000)
  region size 1024K, 17 young (17408K), 5 survivors (5120K)
 Metaspace       used 21231K, committed 21504K, reserved 1073152K
  class space    used 2913K, committed 3072K, reserved 1048576K
}
Event: 4.605 GC heap after
{Heap after GC invocations=4 (full 0):
 garbage-first heap   total 131072K, used 14388K [0x0000000081800000, 0x0000000100000000)
  region size 1024K, 5 young (5120K), 5 survivors (5120K)
 Metaspace       used 21231K, committed 21504K, reserved 1073152K
  class space    used 2913K, committed 3072K, reserved 1048576K
}
Event: 5.620 GC heap before
{Heap before GC invocations=5 (full 0):
 garbage-first heap   total 55296K, used 41012K [0x0000000081800000, 0x0000000100000000)
  region size 1024K, 32 young (32768K), 5 survivors (5120K)
 Metaspace       used 23205K, committed 23552K, reserved 1073152K
  class space    used 3228K, committed 3392K, reserved 1048576K
}
Event: 5.629 GC heap after
{Heap after GC invocations=6 (full 0):
 garbage-first heap   total 55296K, used 16076K [0x0000000081800000, 0x0000000100000000)
  region size 1024K, 7 young (7168K), 7 survivors (7168K)
 Metaspace       used 23205K, committed 23552K, reserved 1073152K
  class space    used 3228K, committed 3392K, reserved 1048576K
}
Event: 6.595 GC heap before
{Heap before GC invocations=6 (full 0):
 garbage-first heap   total 55296K, used 36556K [0x0000000081800000, 0x0000000100000000)
  region size 1024K, 28 young (28672K), 7 survivors (7168K)
 Metaspace       used 25798K, committed 26112K, reserved 1073152K
  class space    used 3637K, committed 3776K, reserved 1048576K
}
Event: 6.607 GC heap after
{Heap after GC invocations=7 (full 0):
 garbage-first heap   total 55296K, used 17899K [0x0000000081800000, 0x0000000100000000)
  region size 1024K, 2 young (2048K), 2 survivors (2048K)
 Metaspace       used 25798K, committed 26112K, reserved 1073152K
  class space    used 3637K, committed 3776K, reserved 1048576K
}
Event: 7.968 GC heap before
{Heap before GC invocations=7 (full 0):
 garbage-first heap   total 55296K, used 37355K [0x0000000081800000, 0x0000000100000000)
  region size 1024K, 22 young (22528K), 2 survivors (2048K)
 Metaspace       used 28975K, committed 29504K, reserved 1081344K
  class space    used 4116K, committed 4352K, reserved 1048576K
}
Event: 7.972 GC heap after
{Heap after GC invocations=8 (full 0):
 garbage-first heap   total 55296K, used 19563K [0x0000000081800000, 0x0000000100000000)
  region size 1024K, 3 young (3072K), 3 survivors (3072K)
 Metaspace       used 28975K, committed 29504K, reserved 1081344K
  class space    used 4116K, committed 4352K, reserved 1048576K
}
Event: 8.838 GC heap before
{Heap before GC invocations=8 (full 0):
 garbage-first heap   total 55296K, used 39019K [0x0000000081800000, 0x0000000100000000)
  region size 1024K, 23 young (23552K), 3 survivors (3072K)
 Metaspace       used 31260K, committed 31680K, reserved 1081344K
  class space    used 4420K, committed 4608K, reserved 1048576K
}
Event: 8.844 GC heap after
{Heap after GC invocations=9 (full 0):
 garbage-first heap   total 55296K, used 21349K [0x0000000081800000, 0x0000000100000000)
  region size 1024K, 2 young (2048K), 2 survivors (2048K)
 Metaspace       used 31260K, committed 31680K, reserved 1081344K
  class space    used 4420K, committed 4608K, reserved 1048576K
}
Event: 9.621 GC heap before
{Heap before GC invocations=9 (full 0):
 garbage-first heap   total 55296K, used 33637K [0x0000000081800000, 0x0000000100000000)
  region size 1024K, 16 young (16384K), 2 survivors (2048K)
 Metaspace       used 35567K, committed 35968K, reserved 1081344K
  class space    used 4909K, committed 5120K, reserved 1048576K
}
Event: 9.626 GC heap after
{Heap after GC invocations=10 (full 0):
 garbage-first heap   total 55296K, used 22720K [0x0000000081800000, 0x0000000100000000)
  region size 1024K, 3 young (3072K), 3 survivors (3072K)
 Metaspace       used 35567K, committed 35968K, reserved 1081344K
  class space    used 4909K, committed 5120K, reserved 1048576K
}

