# JRE version: OpenJDK Runtime Environment Temurin-17.0.6+10 (17.0.6+10) (build 17.0.6+10)
# Java VM: OpenJDK 64-Bit Server VM Temurin-17.0.6+10 (17.0.6+10, mixed mode, sharing, tiered, compressed oops, compressed class ptrs, g1 gc, windows-amd64)
GC Precious Log:
 CPUs: 8 total, 8 available
 Memory: 8088M
 Large Page Support: Disabled
 NUMA Support: Disabled
 Compressed Oops: Enabled (32-bit)
 Heap Region Size: 1M
 Heap Min Capacity: 8M
 Heap Initial Capacity: 128M
 Heap Max Capacity: 2024M
 Pre-touch: Disabled
 Parallel Workers: 8
 Concurrent Workers: 2
 Concurrent Refinement Workers: 8
 Periodic GC: Disabled
Heap:
 garbage-first heap   total 135168K, used 51966K [0x0000000081800000, 0x0000000100000000)
  region size 1024K, 1 young (1024K), 1 survivors (1024K)
 Metaspace       used 29116K, committed 29440K, reserved 1081344K
  class space    used 3264K, committed 3456K, reserved 1048576K
GC Heap History (20 events):
Event: 5.793 GC heap after
{Heap after GC invocations=5 (full 0):
 garbage-first heap   total 131072K, used 25451K [0x0000000081800000, 0x0000000100000000)
  region size 1024K, 4 young (4096K), 4 survivors (4096K)
 Metaspace       used 21240K, committed 21504K, reserved 1073152K
  class space    used 2385K, committed 2496K, reserved 1048576K
}
Event: 7.413 GC heap before
{Heap before GC invocations=6 (full 0):
 garbage-first heap   total 92160K, used 74603K [0x0000000081800000, 0x0000000100000000)
  region size 1024K, 51 young (52224K), 4 survivors (4096K)
 Metaspace       used 25249K, committed 25536K, reserved 1073152K
  class space    used 2821K, committed 2944K, reserved 1048576K
}
Event: 7.453 GC heap after
{Heap after GC invocations=7 (full 0):
 garbage-first heap   total 96256K, used 43303K [0x0000000081800000, 0x0000000100000000)
  region size 1024K, 7 young (7168K), 7 survivors (7168K)
 Metaspace       used 25249K, committed 25536K, reserved 1073152K
  class space    used 2821K, committed 2944K, reserved 1048576K
}
Event: 8.358 GC heap before
{Heap before GC invocations=7 (full 0):
 garbage-first heap   total 96256K, used 66855K [0x0000000081800000, 0x0000000100000000)
  region size 1024K, 31 young (31744K), 7 survivors (7168K)
 Metaspace       used 26333K, committed 26624K, reserved 1073152K
  class space    used 2930K, committed 3072K, reserved 1048576K
}
Event: 8.382 GC heap after
{Heap after GC invocations=8 (full 0):
 garbage-first heap   total 96256K, used 46659K [0x0000000081800000, 0x0000000100000000)
  region size 1024K, 3 young (3072K), 3 survivors (3072K)
 Metaspace       used 26333K, committed 26624K, reserved 1073152K
  class space    used 2930K, committed 3072K, reserved 1048576K
}
Event: 9.317 GC heap before
{Heap before GC invocations=8 (full 0):
 garbage-first heap   total 96256K, used 69187K [0x0000000081800000, 0x0000000100000000)
  region size 1024K, 26 young (26624K), 3 survivors (3072K)
 Metaspace       used 27473K, committed 27712K, reserved 1081344K
  class space    used 3043K, committed 3136K, reserved 1048576K
}
Event: 9.330 GC heap after
{Heap after GC invocations=9 (full 0):
 garbage-first heap   total 115712K, used 47191K [0x0000000081800000, 0x0000000100000000)
  region size 1024K, 1 young (1024K), 1 survivors (1024K)
 Metaspace       used 27473K, committed 27712K, reserved 1081344K
  class space    used 3043K, committed 3136K, reserved 1048576K
}
Event: 10.598 GC heap before
{Heap before GC invocations=10 (full 0):
 garbage-first heap   total 115712K, used 89175K [0x0000000081800000, 0x0000000100000000)
  region size 1024K, 38 young (38912K), 1 survivors (1024K)
 Metaspace       used 29086K, committed 29504K, reserved 1081344K
  class space    used 3262K, committed 3456K, reserved 1048576K
}
Event: 10.625 GC heap after
{Heap after GC invocations=11 (full 0):
 garbage-first heap   total 115712K, used 61229K [0x0000000081800000, 0x0000000100000000)
  region size 1024K, 5 young (5120K), 5 survivors (5120K)
 Metaspace       used 29086K, committed 29504K, reserved 1081344K
  class space    used 3262K, committed 3456K, reserved 1048576K
}
Event: 10.630 GC heap before
{Heap before GC invocations=11 (full 0):
 garbage-first heap   total 115712K, used 61229K [0x0000000081800000, 0x0000000100000000)
  region size 1024K, 6 young (6144K), 5 survivors (5120K)
 Metaspace       used 29086K, committed 29504K, reserved 1081344K
  class space    used 3262K, committed 3456K, reserved 1048576K
}
Event: 10.640 GC heap after
{Heap after GC invocations=12 (full 0):
 garbage-first heap   total 115712K, used 61827K [0x0000000081800000, 0x0000000100000000)
  region size 1024K, 1 young (1024K), 1 survivors (1024K)
 Metaspace       used 29086K, committed 29504K, reserved 1081344K
  class space    used 3262K, committed 3456K, reserved 1048576K
}
Event: 11.183 GC heap before
{Heap before GC invocations=13 (full 0):
 garbage-first heap   total 115712K, used 85379K [0x0000000081800000, 0x0000000100000000)
  region size 1024K, 26 young (26624K), 1 survivors (1024K)
 Metaspace       used 29106K, committed 29504K, reserved 1081344K
  class space    used 3262K, committed 3456K, reserved 1048576K
}
Event: 11.193 GC heap after
{Heap after GC invocations=14 (full 0):
 garbage-first heap   total 115712K, used 68861K [0x0000000081800000, 0x0000000100000000)
  region size 1024K, 4 young (4096K), 4 survivors (4096K)
 Metaspace       used 29106K, committed 29504K, reserved 1081344K
  class space    used 3262K, committed 3456K, reserved 1048576K
}
Event: 11.198 GC heap before
{Heap before GC invocations=14 (full 0):
 garbage-first heap   total 115712K, used 69885K [0x0000000081800000, 0x0000000100000000)
  region size 1024K, 5 young (5120K), 4 survivors (4096K)
 Metaspace       used 29106K, committed 29504K, reserved 1081344K
  class space    used 3262K, committed 3456K, reserved 1048576K
}
Event: 11.209 GC heap after
{Heap after GC invocations=15 (full 0):
 garbage-first heap   total 115712K, used 58602K [0x0000000081800000, 0x0000000100000000)
  region size 1024K, 1 young (1024K), 1 survivors (1024K)
 Metaspace       used 29106K, committed 29504K, reserved 1081344K
  class space    used 3262K, committed 3456K, reserved 1048576K
}
Event: 11.793 GC heap before
{Heap before GC invocations=15 (full 0):
 garbage-first heap   total 115712K, used 83178K [0x0000000081800000, 0x0000000100000000)
  region size 1024K, 26 young (26624K), 1 survivors (1024K)
 Metaspace       used 29631K, committed 29952K, reserved 1081344K
  class space    used 3322K, committed 3520K, reserved 1048576K
}
Event: 11.801 GC heap after
{Heap after GC invocations=16 (full 0):
 garbage-first heap   total 115712K, used 62882K [0x0000000081800000, 0x0000000100000000)
  region size 1024K, 4 young (4096K), 4 survivors (4096K)
 Metaspace       used 29631K, committed 29952K, reserved 1081344K
  class space    used 3322K, committed 3520K, reserved 1048576K
}
Event: 12.475 GC heap before
{Heap before GC invocations=17 (full 0):
 garbage-first heap   total 115712K, used 83362K [0x0000000081800000, 0x0000000100000000)
  region size 1024K, 27 young (27648K), 4 survivors (4096K)
 Metaspace       used 29109K, committed 29440K, reserved 1081344K
  class space    used 3264K, committed 3456K, reserved 1048576K
}
Event: 12.485 GC heap after
{Heap after GC invocations=18 (full 0):
 garbage-first heap   total 115712K, used 59279K [0x0000000081800000, 0x0000000100000000)
  region size 1024K, 1 young (1024K), 1 survivors (1024K)
 Metaspace       used 29109K, committed 29440K, reserved 1081344K
  class space    used 3264K, committed 3456K, reserved 1048576K
}
Event: 12.513 GC heap before
{Heap before GC invocations=18 (full 0):
 garbage-first heap   total 115712K, used 63375K [0x0000000081800000, 0x0000000100000000)
  region size 1024K, 5 young (5120K), 1 survivors (1024K)
 Metaspace       used 29116K, committed 29440K, reserved 1081344K
  class space    used 3264K, committed 3456K, reserved 1048576K
}

